2018-06-25 12:10:07,613 [Worker-1] INFO  c.g.t.t.d.PublishedGradleVersions - Gradle version information cache is up-to-date. Trying to read.
2018-06-26 09:37:23,281 [Worker-1] INFO  c.g.t.t.d.PublishedGradleVersions - Gradle version information cache is up-to-date. Trying to read.
2018-06-28 09:37:40,658 [Worker-3] INFO  c.g.t.t.d.PublishedGradleVersions - Gradle version information cache is out-of-date. Trying to update.
2018-07-04 19:52:48,675 [Worker-3] INFO  c.g.t.t.d.PublishedGradleVersions - Gradle version information cache is out-of-date. Trying to update.
2018-07-05 09:39:45,377 [Worker-3] INFO  c.g.t.t.d.PublishedGradleVersions - Gradle version information cache is up-to-date. Trying to read.
2018-07-05 09:48:56,343 [Worker-0] INFO  c.g.t.t.d.PublishedGradleVersions - Gradle version information cache is up-to-date. Trying to read.
2018-07-05 13:06:42,912 [Start Help Server] INFO  org.eclipse.jetty.util.log - Logging initialized @11878427ms to org.eclipse.jetty.util.log.Slf4jLog
2018-07-05 13:06:43,240 [Start Help Server] INFO  org.eclipse.jetty.server.Server - jetty-9.4.8.v20171121, build timestamp: 2017-11-22T06:27:37+09:00, git hash: 82b8fb23f757335bb3329d540ce37a2a2615f0a8
2018-07-05 13:06:43,256 [Start Help Server] INFO  org.eclipse.jetty.server.session - DefaultSessionIdManager workerName=node0
2018-07-05 13:06:43,256 [Start Help Server] INFO  org.eclipse.jetty.server.session - No SessionScavenger set, using defaults
2018-07-05 13:06:43,272 [Start Help Server] INFO  org.eclipse.jetty.server.session - Scavenging every 660000ms
2018-07-05 13:06:43,318 [Start Help Server] INFO  o.e.j.server.handler.ContextHandler - Started o.e.j.s.ServletContextHandler@4b8032dc{/help,null,AVAILABLE}
2018-07-05 13:06:43,412 [Start Help Server] INFO  o.e.jetty.server.AbstractConnector - Started ServerConnector@3c00d3d5{HTTP/1.1,[http/1.1]}{127.0.0.1:50793}
2018-07-05 13:06:43,412 [Start Help Server] INFO  org.eclipse.jetty.server.Server - Started @11878922ms
2018-07-05 20:56:56,629 [Stop Help Server] INFO  o.e.jetty.server.AbstractConnector - Stopped ServerConnector@3c00d3d5{HTTP/1.1,[http/1.1]}{127.0.0.1:0}
2018-07-05 20:56:56,629 [Stop Help Server] INFO  org.eclipse.jetty.server.session - Stopped scavenging
2018-07-05 20:56:56,659 [Stop Help Server] INFO  o.e.j.server.handler.ContextHandler - Stopped o.e.j.s.ServletContextHandler@4b8032dc{/help,null,UNAVAILABLE}
2018-07-06 09:38:04,704 [Worker-7] INFO  c.g.t.t.d.PublishedGradleVersions - Gradle version information cache is out-of-date. Trying to update.
2018-07-06 16:04:12,261 [Worker-1] INFO  c.g.t.t.d.PublishedGradleVersions - Gradle version information cache is up-to-date. Trying to read.
2018-07-09 10:09:01,834 [Worker-23] INFO  c.g.t.t.d.PublishedGradleVersions - Gradle version information cache is out-of-date. Trying to update.
2018-07-09 12:41:33,757 [Worker-5] INFO  c.g.t.t.d.PublishedGradleVersions - Gradle version information cache is up-to-date. Trying to read.
